#
# There is insufficient memory for the Java Runtime Environment to continue.
# Native memory allocation (malloc) failed to allocate 32744 bytes for ChunkPool::allocate
# Possible reasons:
#   The system is out of physical RAM or swap space
#   The process is running with CompressedOops enabled, and the Java Heap may be blocking the growth of the native heap
# Possible solutions:
#   Reduce memory load on the system
#   Increase physical memory or swap space
#   Check if swap backing store is full
#   Decrease Java heap size (-Xmx/-Xms)
#   Decrease number of Java threads
#   Decrease Java thread stack sizes (-Xss)
#   Set larger code cache with -XX:ReservedCodeCacheSize=
#   JVM is running with Unscaled Compressed Oops mode in which the Java heap is
#     placed in the first 4GB address space. The Java Heap base address is the
#     maximum limit for the native heap growth. Please use -XX:HeapBaseMinAddress
#     to set the Java Heap base and to place the Java Heap above 4GB virtual address.
# This output file may be truncated or incomplete.
#
#  Out of Memory Error (arena.cpp:78), pid=5288, tid=9612
#
# JRE version: OpenJDK Runtime Environment Temurin-17.0.5+8 (17.0.5+8) (build 17.0.5+8)
# Java VM: OpenJDK 64-Bit Server VM Temurin-17.0.5+8 (17.0.5+8, mixed mode, tiered, compressed oops, compressed class ptrs, parallel gc, windows-amd64)
# No core dump will be written. Minidumps are not enabled by default on client versions of Windows
#

---------------  S U M M A R Y ------------

Command Line: --add-modules=ALL-SYSTEM --add-opens=java.base/java.util=ALL-UNNAMED --add-opens=java.base/java.lang=ALL-UNNAMED --add-opens=java.base/sun.nio.fs=ALL-UNNAMED -Declipse.application=org.eclipse.jdt.ls.core.id1 -Dosgi.bundles.defaultStartLevel=4 -Declipse.product=org.eclipse.jdt.ls.core.product -Djava.import.generatesMetadataFilesAtProjectRoot=false -Dfile.encoding=utf8 -XX:+UseParallelGC -XX:GCTimeRatio=4 -XX:AdaptiveSizePolicyWeight=90 -Dsun.zip.disableMemoryMapping=true -Xmx1G -Xms100m -Xlog:disable -javaagent:c:\Users\connect\.vscode\extensions\redhat.java-1.14.0-win32-x64\lombok\lombok-1.18.24.jar c:\Users\connect\.vscode\extensions\redhat.java-1.14.0-win32-x64\server\plugins\org.eclipse.equinox.launcher_1.6.400.v20210924-0641.jar -configuration c:\Users\connect\AppData\Roaming\Code\User\globalStorage\redhat.java\1.14.0\config_ss_win -data c:\Users\connect\AppData\Roaming\Code\User\workspaceStorage\81d7e806d787402a1b34b89a302ba1a8\redhat.java\ss_ws

Host: Pentium(R) Dual-Core CPU       T4500  @ 2.30GHz, 2 cores, 1G,  Windows 10 , 64 bit Build 19041 (10.0.19041.2364)
Time: Thu Feb  2 20:15:26 2023 India Standard Time elapsed time: 1065.203011 seconds (0d 0h 17m 45s)

---------------  T H R E A D  ---------------

Current thread (0x00000248f118be70):  JavaThread "C1 CompilerThread0" daemon [_thread_in_native, id=9612, stack(0x000000b868300000,0x000000b868400000)]


Current CompileTask:
C1:1065223 3643       3       java.net.URLStreamHandler::parseURL (1201 bytes)

Stack: [0x000000b868300000,0x000000b868400000]
Native frames: (J=compiled Java code, j=interpreted, Vv=VM code, C=native code)
V  [jvm.dll+0x676b3a]
V  [jvm.dll+0x831444]
V  [jvm.dll+0x832bee]
V  [jvm.dll+0x833253]
V  [jvm.dll+0x244ce5]
V  [jvm.dll+0xabdcc]
V  [jvm.dll+0xac17c]
V  [jvm.dll+0x16aa17]
V  [jvm.dll+0x160572]
V  [jvm.dll+0x15d52e]
V  [jvm.dll+0x14b850]
V  [jvm.dll+0x134467]
V  [jvm.dll+0x133def]
V  [jvm.dll+0x134026]
V  [jvm.dll+0x1334ba]
V  [jvm.dll+0x135181]
V  [jvm.dll+0x22698a]
V  [jvm.dll+0x224ac5]
V  [jvm.dll+0x7e727b]
V  [jvm.dll+0x7e17ea]
V  [jvm.dll+0x6759e5]
C  [ucrtbase.dll+0x21bb2]
C  [KERNEL32.DLL+0x17614]
C  [ntdll.dll+0x526a1]


---------------  P R O C E S S  ---------------

Threads class SMR info:
_java_thread_list=0x00000248f4788810, length=22, elements={
0x00000248db41b820, 0x00000248f10f09f0, 0x00000248f10f3250, 0x00000248f1122780,
0x00000248f1123330, 0x00000248f1125df0, 0x00000248f11267a0, 0x00000248f1127480,
0x00000248f118be70, 0x00000248f1191b50, 0x00000248f11ae790, 0x00000248f26b7f60,
0x00000248f27668f0, 0x00000248f287d460, 0x00000248f2848020, 0x00000248f29ddfa0,
0x00000248f2c70300, 0x00000248f2537840, 0x00000248f2536030, 0x00000248f2536500,
0x00000248f25381e0, 0x00000248f2536ea0
}

Java Threads: ( => current thread )
  0x00000248db41b820 JavaThread "main" [_thread_blocked, id=9240, stack(0x000000b867900000,0x000000b867a00000)]
  0x00000248f10f09f0 JavaThread "Reference Handler" daemon [_thread_blocked, id=10852, stack(0x000000b867c00000,0x000000b867d00000)]
  0x00000248f10f3250 JavaThread "Finalizer" daemon [_thread_blocked, id=1276, stack(0x000000b867d00000,0x000000b867e00000)]
  0x00000248f1122780 JavaThread "Signal Dispatcher" daemon [_thread_blocked, id=5476, stack(0x000000b867e00000,0x000000b867f00000)]
  0x00000248f1123330 JavaThread "Attach Listener" daemon [_thread_blocked, id=4836, stack(0x000000b867f00000,0x000000b868000000)]
  0x00000248f1125df0 JavaThread "Service Thread" daemon [_thread_blocked, id=10668, stack(0x000000b868000000,0x000000b868100000)]
  0x00000248f11267a0 JavaThread "Monitor Deflation Thread" daemon [_thread_blocked, id=4088, stack(0x000000b868100000,0x000000b868200000)]
  0x00000248f1127480 JavaThread "C2 CompilerThread0" daemon [_thread_in_vm, id=8312, stack(0x000000b868200000,0x000000b868300000)]
=>0x00000248f118be70 JavaThread "C1 CompilerThread0" daemon [_thread_in_native, id=9612, stack(0x000000b868300000,0x000000b868400000)]
  0x00000248f1191b50 JavaThread "Sweeper thread" daemon [_thread_blocked, id=9284, stack(0x000000b868400000,0x000000b868500000)]
  0x00000248f11ae790 JavaThread "Common-Cleaner" daemon [_thread_blocked, id=3332, stack(0x000000b868500000,0x000000b868600000)]
  0x00000248f26b7f60 JavaThread "Notification Thread" daemon [_thread_blocked, id=5884, stack(0x000000b868600000,0x000000b868700000)]
  0x00000248f27668f0 JavaThread "Active Thread: Equinox Container: 5bee033d-b308-4492-93bf-55530b8a27a4" [_thread_blocked, id=8160, stack(0x000000b868900000,0x000000b868a00000)]
  0x00000248f287d460 JavaThread "Framework Event Dispatcher: Equinox Container: 5bee033d-b308-4492-93bf-55530b8a27a4" daemon [_thread_blocked, id=6568, stack(0x000000b868a00000,0x000000b868b00000)]
  0x00000248f2848020 JavaThread "Start Level: Equinox Container: 5bee033d-b308-4492-93bf-55530b8a27a4" daemon [_thread_blocked, id=3344, stack(0x000000b868b00000,0x000000b868c00000)]
  0x00000248f29ddfa0 JavaThread "SCR Component Actor" daemon [_thread_blocked, id=5852, stack(0x000000b868c00000,0x000000b868d00000)]
  0x00000248f2c70300 JavaThread "Worker-JM" [_thread_blocked, id=5200, stack(0x000000b868d00000,0x000000b868e00000)]
  0x00000248f2537840 JavaThread "Worker-1" [_thread_blocked, id=7428, stack(0x000000b868e00000,0x000000b868f00000)]
  0x00000248f2536030 JavaThread "JNA Cleaner" daemon [_thread_blocked, id=3488, stack(0x000000b869100000,0x000000b869200000)]
  0x00000248f2536500 JavaThread "pool-2-thread-1" [_thread_blocked, id=7088, stack(0x000000b867800000,0x000000b867900000)]
  0x00000248f25381e0 JavaThread "pool-1-thread-1" [_thread_in_native, id=7008, stack(0x000000b868f00000,0x000000b869000000)]
  0x00000248f2536ea0 JavaThread "Worker-2" [_thread_blocked, id=9604, stack(0x000000b869000000,0x000000b869100000)]

Other Threads:
  0x00000248f10dbfa0 VMThread "VM Thread" [stack: 0x000000b867b00000,0x000000b867c00000] [id=3516]
  0x00000248f26b8430 WatcherThread [stack: 0x000000b868700000,0x000000b868800000] [id=2992]
  0x00000248db4309a0 GCTaskThread "GC Thread#0" [stack: 0x000000b867a00000,0x000000b867b00000] [id=9568]
  0x00000248f2a10680 GCTaskThread "GC Thread#1" [stack: 0x000000b868800000,0x000000b868900000] [id=9548]

Threads with active compile tasks:
C2 CompilerThread0  1074946 3663       4       jdk.internal.jimage.ImageLocation::verify (218 bytes)
C1 CompilerThread0  1074946 3643       3       java.net.URLStreamHandler::parseURL (1201 bytes)

VM state: not at safepoint (normal execution)

VM Mutex/Monitor currently owned by a thread: None

Heap address: 0x00000000c0000000, size: 1024 MB, Compressed Oops mode: 32-bit

CDS archive(s) not mapped
Compressed class space mapped at: 0x0000000100000000-0x0000000140000000, reserved size: 1073741824
Narrow klass base: 0x0000000000000000, Narrow klass shift: 3, Narrow klass range: 0x140000000

GC Precious Log:
 CPUs: 2 total, 2 available
 Memory: 1978M
 Large Page Support: Disabled
 NUMA Support: Disabled
 Compressed Oops: Enabled (32-bit)
 Alignments: Space 512K, Generation 512K, Heap 2M
 Heap Min Capacity: 100M
 Heap Initial Capacity: 100M
 Heap Max Capacity: 1G
 Pre-touch: Disabled
 Parallel Workers: 2

Heap:
 PSYoungGen      total 22528K, used 6332K [0x00000000eab00000, 0x00000000ed180000, 0x0000000100000000)
  eden space 21504K, 26% used [0x00000000eab00000,0x00000000eb0997d8,0x00000000ec000000)
  from space 1024K, 58% used [0x00000000ed080000,0x00000000ed115a20,0x00000000ed180000)
  to   space 2560K, 0% used [0x00000000ecc80000,0x00000000ecc80000,0x00000000ecf00000)
 ParOldGen       total 68608K, used 22495K [0x00000000c0000000, 0x00000000c4300000, 0x00000000eab00000)
  object space 68608K, 32% used [0x00000000c0000000,0x00000000c15f7c58,0x00000000c4300000)
 Metaspace       used 37650K, committed 38208K, reserved 1089536K
  class space    used 3901K, committed 4160K, reserved 1048576K

Card table byte_map: [0x00000248eea40000,0x00000248eec50000] _byte_map_base: 0x00000248ee440000

Marking Bits: (ParMarkBitMap*) 0x00007ffc82480dd0
 Begin Bits: [0x00000248eedb0000, 0x00000248efdb0000)
 End Bits:   [0x00000248efdb0000, 0x00000248f0db0000)

Polling page: 0x00000248db250000

Metaspace:

Usage:
  Non-class:     32.96 MB used.
      Class:      3.81 MB used.
       Both:     36.77 MB used.

Virtual space:
  Non-class space:       40.00 MB reserved,      33.25 MB ( 83%) committed,  5 nodes.
      Class space:        1.00 GB reserved,       4.06 MB ( <1%) committed,  1 nodes.
             Both:        1.04 GB reserved,      37.31 MB (  4%) committed. 

Chunk freelists:
   Non-Class:  1.91 MB
       Class:  3.95 MB
        Both:  5.86 MB

MaxMetaspaceSize: unlimited
CompressedClassSpaceSize: 1.00 GB
Initial GC threshold: 21.00 MB
Current GC threshold: 58.38 MB
CDS: off
MetaspaceReclaimPolicy: balanced
 - commit_granule_bytes: 65536.
 - commit_granule_words: 8192.
 - virtual_space_node_default_size: 1048576.
 - enlarge_chunks_in_place: 1.
 - new_chunks_are_fully_committed: 0.
 - uncommit_free_chunks: 1.
 - use_allocation_guard: 0.
 - handle_deallocations: 1.


Internal statistics:

num_allocs_failed_limit: 6.
num_arena_births: 298.
num_arena_deaths: 14.
num_vsnodes_births: 6.
num_vsnodes_deaths: 0.
num_space_committed: 597.
num_space_uncommitted: 0.
num_chunks_returned_to_freelist: 20.
num_chunks_taken_from_freelist: 1453.
num_chunk_merges: 10.
num_chunk_splits: 977.
num_chunks_enlarged: 690.
num_purges: 2.
num_inconsistent_stats: 0.

CodeHeap 'non-profiled nmethods': size=120064Kb used=1704Kb max_used=1704Kb free=118359Kb
 bounds [0x00000248e7320000, 0x00000248e7590000, 0x00000248ee860000]
CodeHeap 'profiled nmethods': size=120000Kb used=7314Kb max_used=7314Kb free=112686Kb
 bounds [0x00000248dfdf0000, 0x00000248e0520000, 0x00000248e7320000]
CodeHeap 'non-nmethods': size=5696Kb used=1260Kb max_used=1277Kb free=4435Kb
 bounds [0x00000248df860000, 0x00000248dfad0000, 0x00000248dfdf0000]
 total_blobs=4185 nmethods=3602 adapters=498
 compilation: enabled
              stopped_count=0, restarted_count=0
 full_count=0

Compilation events (20 events):
Event: 1060.296 Thread 0x00000248f118be70 3634  s    3       sun.net.www.protocol.file.Handler::openConnection (7 bytes)
Event: 1060.296 Thread 0x00000248f118be70 nmethod 3634 0x00000248e050d910 code [0x00000248e050dac0, 0x00000248e050dcc8]
Event: 1060.297 Thread 0x00000248f118be70 3635       1       java.net.JarURLConnection::getEntryName (5 bytes)
Event: 1060.297 Thread 0x00000248f118be70 nmethod 3635 0x00000248e74c7d90 code [0x00000248e74c7f20, 0x00000248e74c7ff8]
Event: 1060.527 Thread 0x00000248f118be70 3636       3       java.net.URLConnection::setUseCaches (10 bytes)
Event: 1060.528 Thread 0x00000248f118be70 nmethod 3636 0x00000248e050dd90 code [0x00000248e050df40, 0x00000248e050e1c8]
Event: 1060.529 Thread 0x00000248f118be70 3637       3       sun.net.www.protocol.jar.JarURLConnection::getUseCaches (8 bytes)
Event: 1060.529 Thread 0x00000248f118be70 nmethod 3637 0x00000248e050e310 code [0x00000248e050e4c0, 0x00000248e050e688]
Event: 1061.021 Thread 0x00000248f118be70 3639       3       java.io.File::getCanonicalFile (38 bytes)
Event: 1061.022 Thread 0x00000248f118be70 nmethod 3639 0x00000248e050e790 code [0x00000248e050e9a0, 0x00000248e050ef38]
Event: 1061.023 Thread 0x00000248f118be70 3640   !   3       java.io.File::toURI (71 bytes)
Event: 1061.056 Thread 0x00000248f118be70 nmethod 3640 0x00000248e050f190 code [0x00000248e050f460, 0x00000248e0510168]
Event: 1061.056 Thread 0x00000248f118be70 3642   !   3       java.lang.String::replace (258 bytes)
Event: 1061.060 Thread 0x00000248f118be70 nmethod 3642 0x00000248e0510790 code [0x00000248e0510c80, 0x00000248e05130a8]
Event: 1061.060 Thread 0x00000248f118be70 3641       3       java.io.File::canRead (34 bytes)
Event: 1061.061 Thread 0x00000248f118be70 nmethod 3641 0x00000248e0514090 code [0x00000248e0514280, 0x00000248e0514688]
Event: 1061.288 Thread 0x00000248f118be70 3643       3       java.net.URLStreamHandler::parseURL (1201 bytes)
Event: 1061.299 Thread 0x00000248f1127480 3644 %     4       java.net.URI$Parser::scan @ 3 (41 bytes)
Event: 1061.312 Thread 0x00000248f1127480 nmethod 3644% 0x00000248e74c8490 code [0x00000248e74c8620, 0x00000248e74c8968]
Event: 1061.379 Thread 0x00000248f1127480 3645       4       java.lang.String::newStringUTF8NoRepl (276 bytes)

GC Heap History (20 events):
Event: 107.371 GC heap before
{Heap before GC invocations=6 (full 1):
 PSYoungGen      total 29696K, used 25600K [0x00000000eab00000, 0x00000000ecc00000, 0x0000000100000000)
  eden space 25600K, 100% used [0x00000000eab00000,0x00000000ec400000,0x00000000ec400000)
  from space 4096K, 0% used [0x00000000ec800000,0x00000000ec800000,0x00000000ecc00000)
  to   space 4096K, 0% used [0x00000000ec400000,0x00000000ec400000,0x00000000ec800000)
 ParOldGen       total 68608K, used 7237K [0x00000000c0000000, 0x00000000c4300000, 0x00000000eab00000)
  object space 68608K, 10% used [0x00000000c0000000,0x00000000c07117f0,0x00000000c4300000)
 Metaspace       used 24557K, committed 25024K, reserved 1073152K
  class space    used 2395K, committed 2624K, reserved 1048576K
}
Event: 107.375 GC heap after
{Heap after GC invocations=6 (full 1):
 PSYoungGen      total 25600K, used 237K [0x00000000eab00000, 0x00000000ec880000, 0x0000000100000000)
  eden space 25088K, 0% used [0x00000000eab00000,0x00000000eab00000,0x00000000ec380000)
  from space 512K, 46% used [0x00000000ec400000,0x00000000ec43b600,0x00000000ec480000)
  to   space 2048K, 0% used [0x00000000ec680000,0x00000000ec680000,0x00000000ec880000)
 ParOldGen       total 68608K, used 7245K [0x00000000c0000000, 0x00000000c4300000, 0x00000000eab00000)
  object space 68608K, 10% used [0x00000000c0000000,0x00000000c07137f0,0x00000000c4300000)
 Metaspace       used 24557K, committed 25024K, reserved 1073152K
  class space    used 2395K, committed 2624K, reserved 1048576K
}
Event: 121.905 GC heap before
{Heap before GC invocations=7 (full 1):
 PSYoungGen      total 25600K, used 25325K [0x00000000eab00000, 0x00000000ec880000, 0x0000000100000000)
  eden space 25088K, 100% used [0x00000000eab00000,0x00000000ec380000,0x00000000ec380000)
  from space 512K, 46% used [0x00000000ec400000,0x00000000ec43b600,0x00000000ec480000)
  to   space 2048K, 0% used [0x00000000ec680000,0x00000000ec680000,0x00000000ec880000)
 ParOldGen       total 68608K, used 7245K [0x00000000c0000000, 0x00000000c4300000, 0x00000000eab00000)
  object space 68608K, 10% used [0x00000000c0000000,0x00000000c07137f0,0x00000000c4300000)
 Metaspace       used 27550K, committed 27968K, reserved 1081344K
  class space    used 2664K, committed 2880K, reserved 1048576K
}
Event: 121.908 GC heap after
{Heap after GC invocations=7 (full 1):
 PSYoungGen      total 26112K, used 1088K [0x00000000eab00000, 0x00000000ec800000, 0x0000000100000000)
  eden space 24576K, 0% used [0x00000000eab00000,0x00000000eab00000,0x00000000ec300000)
  from space 1536K, 70% used [0x00000000ec680000,0x00000000ec790238,0x00000000ec800000)
  to   space 1536K, 0% used [0x00000000ec500000,0x00000000ec500000,0x00000000ec680000)
 ParOldGen       total 68608K, used 7253K [0x00000000c0000000, 0x00000000c4300000, 0x00000000eab00000)
  object space 68608K, 10% used [0x00000000c0000000,0x00000000c07157f0,0x00000000c4300000)
 Metaspace       used 27550K, committed 27968K, reserved 1081344K
  class space    used 2664K, committed 2880K, reserved 1048576K
}
Event: 462.673 GC heap before
{Heap before GC invocations=8 (full 1):
 PSYoungGen      total 26112K, used 25664K [0x00000000eab00000, 0x00000000ec800000, 0x0000000100000000)
  eden space 24576K, 100% used [0x00000000eab00000,0x00000000ec300000,0x00000000ec300000)
  from space 1536K, 70% used [0x00000000ec680000,0x00000000ec790238,0x00000000ec800000)
  to   space 1536K, 0% used [0x00000000ec500000,0x00000000ec500000,0x00000000ec680000)
 ParOldGen       total 68608K, used 7253K [0x00000000c0000000, 0x00000000c4300000, 0x00000000eab00000)
  object space 68608K, 10% used [0x00000000c0000000,0x00000000c07157f0,0x00000000c4300000)
 Metaspace       used 31903K, committed 32512K, reserved 1081344K
  class space    used 3217K, committed 3520K, reserved 1048576K
}
Event: 478.909 GC heap after
{Heap after GC invocations=8 (full 1):
 PSYoungGen      total 25600K, used 1532K [0x00000000eab00000, 0x00000000ec780000, 0x0000000100000000)
  eden space 24064K, 0% used [0x00000000eab00000,0x00000000eab00000,0x00000000ec280000)
  from space 1536K, 99% used [0x00000000ec500000,0x00000000ec67f200,0x00000000ec680000)
  to   space 1024K, 0% used [0x00000000ec680000,0x00000000ec680000,0x00000000ec780000)
 ParOldGen       total 68608K, used 7904K [0x00000000c0000000, 0x00000000c4300000, 0x00000000eab00000)
  object space 68608K, 11% used [0x00000000c0000000,0x00000000c07b81d0,0x00000000c4300000)
 Metaspace       used 31903K, committed 32512K, reserved 1081344K
  class space    used 3217K, committed 3520K, reserved 1048576K
}
Event: 772.414 GC heap before
{Heap before GC invocations=9 (full 1):
 PSYoungGen      total 25600K, used 25596K [0x00000000eab00000, 0x00000000ec780000, 0x0000000100000000)
  eden space 24064K, 100% used [0x00000000eab00000,0x00000000ec280000,0x00000000ec280000)
  from space 1536K, 99% used [0x00000000ec500000,0x00000000ec67f200,0x00000000ec680000)
  to   space 1024K, 0% used [0x00000000ec680000,0x00000000ec680000,0x00000000ec780000)
 ParOldGen       total 68608K, used 7904K [0x00000000c0000000, 0x00000000c4300000, 0x00000000eab00000)
  object space 68608K, 11% used [0x00000000c0000000,0x00000000c07b81d0,0x00000000c4300000)
 Metaspace       used 34622K, committed 35200K, reserved 1081344K
  class space    used 3509K, committed 3776K, reserved 1048576K
}
Event: 800.939 GC heap after
{Heap after GC invocations=9 (full 1):
 PSYoungGen      total 24576K, used 1011K [0x00000000eab00000, 0x00000000ec900000, 0x0000000100000000)
  eden space 23552K, 0% used [0x00000000eab00000,0x00000000eab00000,0x00000000ec200000)
  from space 1024K, 98% used [0x00000000ec680000,0x00000000ec77ce98,0x00000000ec780000)
  to   space 3584K, 0% used [0x00000000ec200000,0x00000000ec200000,0x00000000ec580000)
 ParOldGen       total 68608K, used 10181K [0x00000000c0000000, 0x00000000c4300000, 0x00000000eab00000)
  object space 68608K, 14% used [0x00000000c0000000,0x00000000c09f1598,0x00000000c4300000)
 Metaspace       used 34622K, committed 35200K, reserved 1081344K
  class space    used 3509K, committed 3776K, reserved 1048576K
}
Event: 850.488 GC heap before
{Heap before GC invocations=10 (full 1):
 PSYoungGen      total 24576K, used 24563K [0x00000000eab00000, 0x00000000ec900000, 0x0000000100000000)
  eden space 23552K, 100% used [0x00000000eab00000,0x00000000ec200000,0x00000000ec200000)
  from space 1024K, 98% used [0x00000000ec680000,0x00000000ec77ce98,0x00000000ec780000)
  to   space 3584K, 0% used [0x00000000ec200000,0x00000000ec200000,0x00000000ec580000)
 ParOldGen       total 68608K, used 10181K [0x00000000c0000000, 0x00000000c4300000, 0x00000000eab00000)
  object space 68608K, 14% used [0x00000000c0000000,0x00000000c09f1598,0x00000000c4300000)
 Metaspace       used 34799K, committed 35392K, reserved 1081344K
  class space    used 3528K, committed 3776K, reserved 1048576K
}
Event: 851.022 GC heap after
{Heap after GC invocations=10 (full 1):
 PSYoungGen      total 26112K, used 2738K [0x00000000eab00000, 0x00000000ec780000, 0x0000000100000000)
  eden space 23040K, 0% used [0x00000000eab00000,0x00000000eab00000,0x00000000ec180000)
  from space 3072K, 89% used [0x00000000ec200000,0x00000000ec4aca38,0x00000000ec500000)
  to   space 2560K, 0% used [0x00000000ec500000,0x00000000ec500000,0x00000000ec780000)
 ParOldGen       total 68608K, used 10598K [0x00000000c0000000, 0x00000000c4300000, 0x00000000eab00000)
  object space 68608K, 15% used [0x00000000c0000000,0x00000000c0a59a30,0x00000000c4300000)
 Metaspace       used 34799K, committed 35392K, reserved 1081344K
  class space    used 3528K, committed 3776K, reserved 1048576K
}
Event: 855.993 GC heap before
{Heap before GC invocations=11 (full 1):
 PSYoungGen      total 26112K, used 25778K [0x00000000eab00000, 0x00000000ec780000, 0x0000000100000000)
  eden space 23040K, 100% used [0x00000000eab00000,0x00000000ec180000,0x00000000ec180000)
  from space 3072K, 89% used [0x00000000ec200000,0x00000000ec4aca38,0x00000000ec500000)
  to   space 2560K, 0% used [0x00000000ec500000,0x00000000ec500000,0x00000000ec780000)
 ParOldGen       total 68608K, used 10598K [0x00000000c0000000, 0x00000000c4300000, 0x00000000eab00000)
  object space 68608K, 15% used [0x00000000c0000000,0x00000000c0a59a30,0x00000000c4300000)
 Metaspace       used 34868K, committed 35456K, reserved 1081344K
  class space    used 3540K, committed 3840K, reserved 1048576K
}
Event: 856.384 GC heap after
{Heap after GC invocations=11 (full 1):
 PSYoungGen      total 23040K, used 2528K [0x00000000eab00000, 0x00000000ecd00000, 0x0000000100000000)
  eden space 20480K, 0% used [0x00000000eab00000,0x00000000eab00000,0x00000000ebf00000)
  from space 2560K, 98% used [0x00000000ec500000,0x00000000ec778010,0x00000000ec780000)
  to   space 6144K, 0% used [0x00000000ebf00000,0x00000000ebf00000,0x00000000ec500000)
 ParOldGen       total 68608K, used 13320K [0x00000000c0000000, 0x00000000c4300000, 0x00000000eab00000)
  object space 68608K, 19% used [0x00000000c0000000,0x00000000c0d022d8,0x00000000c4300000)
 Metaspace       used 34868K, committed 35456K, reserved 1081344K
  class space    used 3540K, committed 3840K, reserved 1048576K
}
Event: 857.326 GC heap before
{Heap before GC invocations=12 (full 1):
 PSYoungGen      total 23040K, used 23008K [0x00000000eab00000, 0x00000000ecd00000, 0x0000000100000000)
  eden space 20480K, 100% used [0x00000000eab00000,0x00000000ebf00000,0x00000000ebf00000)
  from space 2560K, 98% used [0x00000000ec500000,0x00000000ec778010,0x00000000ec780000)
  to   space 6144K, 0% used [0x00000000ebf00000,0x00000000ebf00000,0x00000000ec500000)
 ParOldGen       total 68608K, used 13320K [0x00000000c0000000, 0x00000000c4300000, 0x00000000eab00000)
  object space 68608K, 19% used [0x00000000c0000000,0x00000000c0d022d8,0x00000000c4300000)
 Metaspace       used 34869K, committed 35456K, reserved 1081344K
  class space    used 3540K, committed 3840K, reserved 1048576K
}
Event: 857.563 GC heap after
{Heap after GC invocations=12 (full 1):
 PSYoungGen      total 23040K, used 2080K [0x00000000eab00000, 0x00000000ec600000, 0x0000000100000000)
  eden space 20480K, 0% used [0x00000000eab00000,0x00000000eab00000,0x00000000ebf00000)
  from space 2560K, 81% used [0x00000000ebf00000,0x00000000ec108000,0x00000000ec180000)
  to   space 3584K, 0% used [0x00000000ec280000,0x00000000ec280000,0x00000000ec600000)
 ParOldGen       total 68608K, used 15861K [0x00000000c0000000, 0x00000000c4300000, 0x00000000eab00000)
  object space 68608K, 23% used [0x00000000c0000000,0x00000000c0f7d640,0x00000000c4300000)
 Metaspace       used 34869K, committed 35456K, reserved 1081344K
  class space    used 3540K, committed 3840K, reserved 1048576K
}
Event: 857.823 GC heap before
{Heap before GC invocations=13 (full 1):
 PSYoungGen      total 23040K, used 22560K [0x00000000eab00000, 0x00000000ec600000, 0x0000000100000000)
  eden space 20480K, 100% used [0x00000000eab00000,0x00000000ebf00000,0x00000000ebf00000)
  from space 2560K, 81% used [0x00000000ebf00000,0x00000000ec108000,0x00000000ec180000)
  to   space 3584K, 0% used [0x00000000ec280000,0x00000000ec280000,0x00000000ec600000)
 ParOldGen       total 68608K, used 15861K [0x00000000c0000000, 0x00000000c4300000, 0x00000000eab00000)
  object space 68608K, 23% used [0x00000000c0000000,0x00000000c0f7d640,0x00000000c4300000)
 Metaspace       used 34869K, committed 35456K, reserved 1081344K
  class space    used 3540K, committed 3840K, reserved 1048576K
}
Event: 858.727 GC heap after
{Heap after GC invocations=13 (full 1):
 PSYoungGen      total 25088K, used 2400K [0x00000000eab00000, 0x00000000ed000000, 0x0000000100000000)
  eden space 21504K, 0% used [0x00000000eab00000,0x00000000eab00000,0x00000000ec000000)
  from space 3584K, 66% used [0x00000000ec280000,0x00000000ec4d8010,0x00000000ec600000)
  to   space 2560K, 0% used [0x00000000ec000000,0x00000000ec000000,0x00000000ec280000)
 ParOldGen       total 68608K, used 17941K [0x00000000c0000000, 0x00000000c4300000, 0x00000000eab00000)
  object space 68608K, 26% used [0x00000000c0000000,0x00000000c1185640,0x00000000c4300000)
 Metaspace       used 34869K, committed 35456K, reserved 1081344K
  class space    used 3540K, committed 3840K, reserved 1048576K
}
Event: 947.761 GC heap before
{Heap before GC invocations=14 (full 1):
 PSYoungGen      total 25088K, used 22284K [0x00000000eab00000, 0x00000000ed000000, 0x0000000100000000)
  eden space 21504K, 92% used [0x00000000eab00000,0x00000000ebe6b338,0x00000000ec000000)
  from space 3584K, 66% used [0x00000000ec280000,0x00000000ec4d8010,0x00000000ec600000)
  to   space 2560K, 0% used [0x00000000ec000000,0x00000000ec000000,0x00000000ec280000)
 ParOldGen       total 68608K, used 17941K [0x00000000c0000000, 0x00000000c4300000, 0x00000000eab00000)
  object space 68608K, 26% used [0x00000000c0000000,0x00000000c1185640,0x00000000c4300000)
 Metaspace       used 35250K, committed 35840K, reserved 1089536K
  class space    used 3578K, committed 3840K, reserved 1048576K
}
Event: 947.944 GC heap after
{Heap after GC invocations=14 (full 1):
 PSYoungGen      total 24064K, used 2532K [0x00000000eab00000, 0x00000000ed600000, 0x0000000100000000)
  eden space 21504K, 0% used [0x00000000eab00000,0x00000000eab00000,0x00000000ec000000)
  from space 2560K, 98% used [0x00000000ec000000,0x00000000ec2793d0,0x00000000ec280000)
  to   space 5632K, 0% used [0x00000000ed080000,0x00000000ed080000,0x00000000ed600000)
 ParOldGen       total 68608K, used 20402K [0x00000000c0000000, 0x00000000c4300000, 0x00000000eab00000)
  object space 68608K, 29% used [0x00000000c0000000,0x00000000c13ec9a8,0x00000000c4300000)
 Metaspace       used 35250K, committed 35840K, reserved 1089536K
  class space    used 3578K, committed 3840K, reserved 1048576K
}
Event: 947.954 GC heap before
{Heap before GC invocations=15 (full 2):
 PSYoungGen      total 24064K, used 2532K [0x00000000eab00000, 0x00000000ed600000, 0x0000000100000000)
  eden space 21504K, 0% used [0x00000000eab00000,0x00000000eab00000,0x00000000ec000000)
  from space 2560K, 98% used [0x00000000ec000000,0x00000000ec2793d0,0x00000000ec280000)
  to   space 5632K, 0% used [0x00000000ed080000,0x00000000ed080000,0x00000000ed600000)
 ParOldGen       total 68608K, used 20402K [0x00000000c0000000, 0x00000000c4300000, 0x00000000eab00000)
  object space 68608K, 29% used [0x00000000c0000000,0x00000000c13ec9a8,0x00000000c4300000)
 Metaspace       used 35250K, committed 35840K, reserved 1089536K
  class space    used 3578K, committed 3840K, reserved 1048576K
}
Event: 979.735 GC heap after
{Heap after GC invocations=15 (full 2):
 PSYoungGen      total 24064K, used 0K [0x00000000eab00000, 0x00000000ed600000, 0x0000000100000000)
  eden space 21504K, 0% used [0x00000000eab00000,0x00000000eab00000,0x00000000ec000000)
  from space 2560K, 0% used [0x00000000ec000000,0x00000000ec000000,0x00000000ec280000)
  to   space 5632K, 0% used [0x00000000ed080000,0x00000000ed080000,0x00000000ed600000)
 ParOldGen       total 68608K, used 22487K [0x00000000c0000000, 0x00000000c4300000, 0x00000000eab00000)
  object space 68608K, 32% used [0x00000000c0000000,0x00000000c15f5c58,0x00000000c4300000)
 Metaspace       used 35250K, committed 35840K, reserved 1089536K
  class space    used 3578K, committed 3840K, reserved 1048576K
}

Dll operation events (10 events):
Event: 1.621 Loaded shared library c:\Users\connect\.vscode\extensions\redhat.java-1.14.0-win32-x64\jre\17.0.5-win32-x86_64\bin\java.dll
Event: 2.284 Loaded shared library c:\Users\connect\.vscode\extensions\redhat.java-1.14.0-win32-x64\jre\17.0.5-win32-x86_64\bin\zip.dll
Event: 2.351 Loaded shared library C:\Users\connect\.vscode\extensions\redhat.java-1.14.0-win32-x64\jre\17.0.5-win32-x86_64\bin\instrument.dll
Event: 3.274 Loaded shared library C:\Users\connect\.vscode\extensions\redhat.java-1.14.0-win32-x64\jre\17.0.5-win32-x86_64\bin\net.dll
Event: 3.657 Loaded shared library C:\Users\connect\.vscode\extensions\redhat.java-1.14.0-win32-x64\jre\17.0.5-win32-x86_64\bin\nio.dll
Event: 3.754 Loaded shared library C:\Users\connect\.vscode\extensions\redhat.java-1.14.0-win32-x64\jre\17.0.5-win32-x86_64\bin\zip.dll
Event: 3.826 Loaded shared library C:\Users\connect\.vscode\extensions\redhat.java-1.14.0-win32-x64\jre\17.0.5-win32-x86_64\bin\jimage.dll
Event: 4.286 Loaded shared library c:\Users\connect\.vscode\extensions\redhat.java-1.14.0-win32-x64\jre\17.0.5-win32-x86_64\bin\verify.dll
Event: 51.379 Loaded shared library C:\Users\connect\AppData\Roaming\Code\User\globalStorage\redhat.java\1.14.0\config_ss_win\org.eclipse.equinox.launcher\org.eclipse.equinox.launcher.win32.win32.x86_64_1.2.700.v20221108-1024\eclipse_11801.dll
Event: 250.665 Loaded shared library C:\Users\connect\AppData\Local\Temp\jna-951351530\jna18062802540858166447.dll

Deoptimization events (20 events):
Event: 985.526 Thread 0x00000248f25381e0 Uncommon trap: trap_request=0xffffff45 fr.pc=0x00000248e7355eb8 relative=0x0000000000000478
Event: 985.636 Thread 0x00000248f25381e0 Uncommon trap: reason=unstable_if action=reinterpret pc=0x00000248e7355eb8 method=java.util.HashMap$HashIterator.<init>(Ljava/util/HashMap;)V @ 45 c2
Event: 986.132 Thread 0x00000248f25381e0 DEOPT PACKING pc=0x00000248e7355eb8 sp=0x000000b868ffe1e0
Event: 986.258 Thread 0x00000248f25381e0 DEOPT UNPACKING pc=0x00000248df8b209d sp=0x000000b868ffe050 mode 2
Event: 1015.328 Thread 0x00000248f25381e0 Uncommon trap: trap_request=0xffffff45 fr.pc=0x00000248e743c5bc relative=0x0000000000000cbc
Event: 1015.328 Thread 0x00000248f25381e0 Uncommon trap: reason=unstable_if action=reinterpret pc=0x00000248e743c5bc method=java.util.Properties$LineReader.readLine()I @ 295 c2
Event: 1015.328 Thread 0x00000248f25381e0 DEOPT PACKING pc=0x00000248e743c5bc sp=0x000000b868ffd330
Event: 1015.329 Thread 0x00000248f25381e0 DEOPT UNPACKING pc=0x00000248df8b209d sp=0x000000b868ffd2c8 mode 2
Event: 1026.537 Thread 0x00000248f25381e0 Uncommon trap: trap_request=0xffffff45 fr.pc=0x00000248e73fea94 relative=0x0000000000000114
Event: 1026.537 Thread 0x00000248f25381e0 Uncommon trap: reason=unstable_if action=reinterpret pc=0x00000248e73fea94 method=org.objectweb.asm.ByteVector.putByteArray([BII)Lorg/objectweb/asm/ByteVector; @ 20 c2
Event: 1026.537 Thread 0x00000248f25381e0 DEOPT PACKING pc=0x00000248e73fea94 sp=0x000000b868ff74c0
Event: 1026.537 Thread 0x00000248f25381e0 DEOPT UNPACKING pc=0x00000248df8b209d sp=0x000000b868ff7490 mode 2
Event: 1026.537 Thread 0x00000248f25381e0 Uncommon trap: trap_request=0xffffff45 fr.pc=0x00000248e73fcef8 relative=0x00000000000002d8
Event: 1026.537 Thread 0x00000248f25381e0 Uncommon trap: reason=unstable_if action=reinterpret pc=0x00000248e73fcef8 method=org.objectweb.asm.Label.resolve([BI)Z @ 80 c2
Event: 1026.537 Thread 0x00000248f25381e0 DEOPT PACKING pc=0x00000248e73fcef8 sp=0x000000b868ff7530
Event: 1026.537 Thread 0x00000248f25381e0 DEOPT UNPACKING pc=0x00000248df8b209d sp=0x000000b868ff7430 mode 2
Event: 1026.537 Thread 0x00000248f25381e0 Uncommon trap: trap_request=0xffffff45 fr.pc=0x00000248e73fd5f4 relative=0x00000000000001d4
Event: 1026.537 Thread 0x00000248f25381e0 Uncommon trap: reason=unstable_if action=reinterpret pc=0x00000248e73fd5f4 method=org.objectweb.asm.Label.resolve([BI)Z @ 80 c2
Event: 1026.537 Thread 0x00000248f25381e0 DEOPT PACKING pc=0x00000248e73fd5f4 sp=0x000000b868ff74a0
Event: 1026.537 Thread 0x00000248f25381e0 DEOPT UNPACKING pc=0x00000248df8b209d sp=0x000000b868ff7420 mode 2

Classes unloaded (7 events):
Event: 81.149 Thread 0x00000248f10dbfa0 Unloading class 0x0000000100212400 'java/lang/invoke/LambdaForm$MH+0x0000000100212400'
Event: 81.149 Thread 0x00000248f10dbfa0 Unloading class 0x0000000100212000 'java/lang/invoke/LambdaForm$MH+0x0000000100212000'
Event: 81.149 Thread 0x00000248f10dbfa0 Unloading class 0x0000000100211c00 'java/lang/invoke/LambdaForm$MH+0x0000000100211c00'
Event: 81.149 Thread 0x00000248f10dbfa0 Unloading class 0x0000000100211800 'java/lang/invoke/LambdaForm$MH+0x0000000100211800'
Event: 81.149 Thread 0x00000248f10dbfa0 Unloading class 0x0000000100211000 'java/lang/invoke/LambdaForm$BMH+0x0000000100211000'
Event: 81.149 Thread 0x00000248f10dbfa0 Unloading class 0x0000000100210c00 'java/lang/invoke/LambdaForm$DMH+0x0000000100210c00'
Event: 81.149 Thread 0x00000248f10dbfa0 Unloading class 0x000000010020e000 'java/lang/invoke/LambdaForm$DMH+0x000000010020e000'

Classes redefined (0 events):
No events

Internal exceptions (20 events):
Event: 124.796 Thread 0x00000248f2848020 Exception <a 'java/lang/ClassNotFoundException'{0x00000000eae32d90}: com/sun/org/apache/xml/internal/serializer/spi/XMLEntitiesProvider> (0x00000000eae32d90) 
thrown [s\src\hotspot\share\classfile\systemDictionary.cpp, line 256]
Event: 127.431 Thread 0x00000248f2848020 Exception <a 'java/io/FileNotFoundException'{0x00000000eb18fb80}> (0x00000000eb18fb80) 
thrown [s\src\hotspot\share\prims\jni.cpp, line 516]
Event: 276.250 Thread 0x00000248f2848020 Exception <a 'java/lang/UnsatisfiedLinkError'{0x00000000eb511fe8}: The specified procedure could not be found.
> (0x00000000eb511fe8) 
thrown [s\src\hotspot\share\prims\jni.cpp, line 535]
Event: 278.789 Thread 0x00000248f2848020 Exception <a 'java/io/FileNotFoundException'{0x00000000eb5351a0}> (0x00000000eb5351a0) 
thrown [s\src\hotspot\share\prims\jni.cpp, line 516]
Event: 283.573 Thread 0x00000248f2848020 Exception <a 'java/io/FileNotFoundException'{0x00000000eb5a7730}> (0x00000000eb5a7730) 
thrown [s\src\hotspot\share\prims\jni.cpp, line 516]
Event: 313.873 Thread 0x00000248f2848020 Exception <a 'java/lang/UnsatisfiedLinkError'{0x00000000eb6327b8}: The specified procedure could not be found.
> (0x00000000eb6327b8) 
thrown [s\src\hotspot\share\prims\jni.cpp, line 535]
Event: 387.675 Thread 0x00000248db41b820 Exception <a 'java/lang/NoSuchMethodError'{0x00000000eb758638}: 'java.lang.Object java.lang.invoke.DirectMethodHandle$Holder.invokeStatic(java.lang.Object, java.lang.Object, long, java.lang.Object)'> (0x00000000eb758638) 
thrown [s\src\hotspot\share\interpreter\linkResolver.cpp, line 759]
Event: 388.374 Thread 0x00000248db41b820 Exception <a 'java/lang/NoSuchMethodError'{0x00000000eb75c0d0}: 'java.lang.Object java.lang.invoke.DirectMethodHandle$Holder.invokeStaticInit(java.lang.Object, java.lang.Object, long, java.lang.Object)'> (0x00000000eb75c0d0) 
thrown [s\src\hotspot\share\interpreter\linkResolver.cpp, line 759]
Event: 388.446 Thread 0x00000248db41b820 Exception <a 'java/lang/NoSuchMethodError'{0x00000000eb7626e0}: 'java.lang.Object java.lang.invoke.DirectMethodHandle$Holder.newInvokeSpecial(java.lang.Object, java.lang.Object, long)'> (0x00000000eb7626e0) 
thrown [s\src\hotspot\share\interpreter\linkResolver.cpp, line 759]
Event: 388.447 Thread 0x00000248db41b820 Exception <a 'java/lang/NoSuchMethodError'{0x00000000eb766120}: 'java.lang.Object java.lang.invoke.Invokers$Holder.linkToTargetMethod(java.lang.Object, long, java.lang.Object)'> (0x00000000eb766120) 
thrown [s\src\hotspot\share\interpreter\linkResolver.cpp, line 759]
Event: 408.438 Thread 0x00000248db41b820 Exception <a 'java/lang/NoSuchMethodError'{0x00000000eb900c88}: 'void java.lang.invoke.DirectMethodHandle$Holder.invokeStatic(java.lang.Object, java.lang.Object, java.lang.Object, java.lang.Object)'> (0x00000000eb900c88) 
thrown [s\src\hotspot\share\interpreter\linkResolver.cpp, line 759]
Event: 444.883 Thread 0x00000248db41b820 Exception <a 'java/lang/NoSuchMethodError'{0x00000000ec054720}: 'void java.lang.invoke.DirectMethodHandle$Holder.invokeSpecial(java.lang.Object, java.lang.Object, java.lang.Object, java.lang.Object, java.lang.Object, java.lang.Object)'> (0x00000000ec054720) 
thrown [s\src\hotspot\share\interpreter\linkResolver.cpp, line 759]
Event: 485.624 Thread 0x00000248f25381e0 Exception <a 'java/io/FileNotFoundException'{0x00000000eaceebf8}> (0x00000000eaceebf8) 
thrown [s\src\hotspot\share\prims\jni.cpp, line 516]
Event: 554.825 Thread 0x00000248f25381e0 Exception <a 'java/lang/NoSuchMethodError'{0x00000000eb371a48}: 'int java.lang.invoke.DirectMethodHandle$Holder.invokeVirtual(java.lang.Object, java.lang.Object)'> (0x00000000eb371a48) 
thrown [s\src\hotspot\share\interpreter\linkResolver.cpp, line 759]
Event: 622.354 Thread 0x00000248f2537840 Exception <a 'java/lang/NoSuchMethodError'{0x00000000eb5a0be8}: 'java.lang.Object java.lang.invoke.Invokers$Holder.invoke_MT(java.lang.Object, java.lang.Object, java.lang.Object)'> (0x00000000eb5a0be8) 
thrown [s\src\hotspot\share\interpreter\linkResolver.cpp, line 759]
Event: 835.537 Thread 0x00000248f2537840 Exception <a 'java/io/FileNotFoundException'{0x00000000eb625878}> (0x00000000eb625878) 
thrown [s\src\hotspot\share\prims\jni.cpp, line 516]
Event: 836.241 Thread 0x00000248f2537840 Exception <a 'java/io/FileNotFoundException'{0x00000000eb62f910}> (0x00000000eb62f910) 
thrown [s\src\hotspot\share\prims\jni.cpp, line 516]
Event: 836.951 Thread 0x00000248f2537840 Exception <a 'java/lang/NoSuchMethodError'{0x00000000eb63bd10}: 'void java.lang.invoke.DirectMethodHandle$Holder.invokeStaticInit(java.lang.Object, java.lang.Object, java.lang.Object)'> (0x00000000eb63bd10) 
thrown [s\src\hotspot\share\interpreter\linkResolver.cpp, line 759]
Event: 980.142 Thread 0x00000248f25381e0 Exception <a 'java/lang/NoSuchMethodError'{0x00000000eab72208}: 'java.lang.Object java.lang.invoke.DirectMethodHandle$Holder.invokeInterface(java.lang.Object, java.lang.Object, java.lang.Object)'> (0x00000000eab72208) 
thrown [s\src\hotspot\share\interpreter\linkResolver.cpp, line 759]
Event: 1026.537 Thread 0x00000248f25381e0 Implicit null exception at 0x00000248e73fe9c8 to 0x00000248e73fea78

VM Operations (20 events):
Event: 998.692 Executing VM operation: Cleanup
Event: 998.692 Executing VM operation: Cleanup done
Event: 1004.744 Executing VM operation: Cleanup
Event: 1004.921 Executing VM operation: Cleanup done
Event: 1008.954 Executing VM operation: Cleanup
Event: 1008.954 Executing VM operation: Cleanup done
Event: 1017.020 Executing VM operation: Cleanup
Event: 1017.020 Executing VM operation: Cleanup done
Event: 1027.085 Executing VM operation: Cleanup
Event: 1027.085 Executing VM operation: Cleanup done
Event: 1030.110 Executing VM operation: Cleanup
Event: 1030.556 Executing VM operation: Cleanup done
Event: 1033.465 Executing VM operation: HandshakeAllThreads
Event: 1033.465 Executing VM operation: HandshakeAllThreads done
Event: 1037.511 Executing VM operation: Cleanup
Event: 1038.175 Executing VM operation: Cleanup done
Event: 1039.185 Executing VM operation: Cleanup
Event: 1039.186 Executing VM operation: Cleanup done
Event: 1043.221 Executing VM operation: Cleanup
Event: 1043.254 Executing VM operation: Cleanup done

Events (20 events):
Event: 708.214 loading class java/nio/channels/Channels$ReadableByteChannelImpl done
Event: 712.984 loading class java/nio/channels/NonWritableChannelException
Event: 713.291 loading class java/nio/channels/NonWritableChannelException done
Event: 713.291 loading class sun/nio/ch/ChannelInputStream
Event: 713.292 loading class sun/nio/ch/ChannelInputStream done
Event: 713.406 loading class java/nio/channels/SelectableChannel
Event: 713.407 loading class java/nio/channels/SelectableChannel done
Event: 946.283 loading class jdk/internal/reflect/UnsafeIntegerFieldAccessorImpl
Event: 946.582 loading class jdk/internal/reflect/UnsafeIntegerFieldAccessorImpl done
Event: 980.538 Thread 0x00000248f25399f0 Thread exited: 0x00000248f25399f0
Event: 1008.136 loading class sun/nio/cs/ThreadLocalCoders
Event: 1008.273 loading class sun/nio/cs/ThreadLocalCoders done
Event: 1008.273 loading class sun/nio/cs/ThreadLocalCoders$1
Event: 1008.273 loading class sun/nio/cs/ThreadLocalCoders$Cache
Event: 1008.274 loading class sun/nio/cs/ThreadLocalCoders$Cache done
Event: 1008.274 loading class sun/nio/cs/ThreadLocalCoders$1 done
Event: 1008.274 loading class sun/nio/cs/ThreadLocalCoders$2
Event: 1008.274 loading class sun/nio/cs/ThreadLocalCoders$2 done
Event: 1016.376 loading class java/lang/ExceptionInInitializerError
Event: 1016.377 loading class java/lang/ExceptionInInitializerError done


Dynamic libraries:
0x00007ff702450000 - 0x00007ff70245e000 	c:\Users\connect\.vscode\extensions\redhat.java-1.14.0-win32-x64\jre\17.0.5-win32-x86_64\bin\java.exe
0x00007ffcb3730000 - 0x00007ffcb3928000 	C:\WINDOWS\SYSTEM32\ntdll.dll
0x00007ffcb1d60000 - 0x00007ffcb1e1f000 	C:\WINDOWS\System32\KERNEL32.DLL
0x00007ffcb0a20000 - 0x00007ffcb0cf2000 	C:\WINDOWS\System32\KERNELBASE.dll
0x00007ffcb04e0000 - 0x00007ffcb05e0000 	C:\WINDOWS\System32\ucrtbase.dll
0x00007ffc97eb0000 - 0x00007ffc97ec7000 	c:\Users\connect\.vscode\extensions\redhat.java-1.14.0-win32-x64\jre\17.0.5-win32-x86_64\bin\jli.dll
0x00007ffcb2ef0000 - 0x00007ffcb3091000 	C:\WINDOWS\System32\USER32.dll
0x00007ffcb09e0000 - 0x00007ffcb0a02000 	C:\WINDOWS\System32\win32u.dll
0x00007ffcb1810000 - 0x00007ffcb183b000 	C:\WINDOWS\System32\GDI32.dll
0x00007ffcb05e0000 - 0x00007ffcb06ef000 	C:\WINDOWS\System32\gdi32full.dll
0x00007ffcb08d0000 - 0x00007ffcb096d000 	C:\WINDOWS\System32\msvcp_win.dll
0x00007ffca7ab0000 - 0x00007ffca7ac9000 	c:\Users\connect\.vscode\extensions\redhat.java-1.14.0-win32-x64\jre\17.0.5-win32-x86_64\bin\VCRUNTIME140.dll
0x00007ffca6760000 - 0x00007ffca69fa000 	C:\WINDOWS\WinSxS\amd64_microsoft.windows.common-controls_6595b64144ccf1df_6.0.19041.1110_none_60b5254171f9507e\COMCTL32.dll
0x00007ffcb0e20000 - 0x00007ffcb0ebe000 	C:\WINDOWS\System32\msvcrt.dll
0x00007ffcb2480000 - 0x00007ffcb24b2000 	C:\WINDOWS\System32\IMM32.DLL
0x00007ffcad9f0000 - 0x00007ffcad9fc000 	c:\Users\connect\.vscode\extensions\redhat.java-1.14.0-win32-x64\jre\17.0.5-win32-x86_64\bin\vcruntime140_1.dll
0x00007ffc884e0000 - 0x00007ffc88571000 	c:\Users\connect\.vscode\extensions\redhat.java-1.14.0-win32-x64\jre\17.0.5-win32-x86_64\bin\msvcp140.dll
0x00007ffc81900000 - 0x00007ffc82544000 	c:\Users\connect\.vscode\extensions\redhat.java-1.14.0-win32-x64\jre\17.0.5-win32-x86_64\bin\server\jvm.dll
0x00007ffcb1760000 - 0x00007ffcb180e000 	C:\WINDOWS\System32\ADVAPI32.dll
0x00007ffcb2220000 - 0x00007ffcb22bc000 	C:\WINDOWS\System32\sechost.dll
0x00007ffcb1e40000 - 0x00007ffcb1f65000 	C:\WINDOWS\System32\RPCRT4.dll
0x00007ffca0320000 - 0x00007ffca0329000 	C:\WINDOWS\SYSTEM32\WSOCK32.dll
0x00007ffcb0ec0000 - 0x00007ffcb0f2b000 	C:\WINDOWS\System32\WS2_32.dll
0x00007ffcad990000 - 0x00007ffcad9b7000 	C:\WINDOWS\SYSTEM32\WINMM.dll
0x00007ffca4560000 - 0x00007ffca456a000 	C:\WINDOWS\SYSTEM32\VERSION.dll
0x00007ffcae300000 - 0x00007ffcae312000 	C:\WINDOWS\SYSTEM32\kernel.appcore.dll
0x00007ffcad5f0000 - 0x00007ffcad5fa000 	c:\Users\connect\.vscode\extensions\redhat.java-1.14.0-win32-x64\jre\17.0.5-win32-x86_64\bin\jimage.dll
0x00007ffc9f070000 - 0x00007ffc9f254000 	C:\WINDOWS\SYSTEM32\DBGHELP.DLL
0x00007ffc9f030000 - 0x00007ffc9f065000 	C:\WINDOWS\SYSTEM32\dbgcore.DLL
0x00007ffcb0d30000 - 0x00007ffcb0db2000 	C:\WINDOWS\System32\bcryptPrimitives.dll
0x00007ffcad570000 - 0x00007ffcad57e000 	c:\Users\connect\.vscode\extensions\redhat.java-1.14.0-win32-x64\jre\17.0.5-win32-x86_64\bin\instrument.dll
0x00007ffc96a00000 - 0x00007ffc96a25000 	c:\Users\connect\.vscode\extensions\redhat.java-1.14.0-win32-x64\jre\17.0.5-win32-x86_64\bin\java.dll
0x00007ffc94b00000 - 0x00007ffc94b18000 	c:\Users\connect\.vscode\extensions\redhat.java-1.14.0-win32-x64\jre\17.0.5-win32-x86_64\bin\zip.dll
0x00007ffcb0f30000 - 0x00007ffcb1674000 	C:\WINDOWS\System32\SHELL32.dll
0x00007ffcae500000 - 0x00007ffcaec92000 	C:\WINDOWS\SYSTEM32\windows.storage.dll
0x00007ffcb2b10000 - 0x00007ffcb2e65000 	C:\WINDOWS\System32\combase.dll
0x00007ffcafe90000 - 0x00007ffcafec0000 	C:\WINDOWS\SYSTEM32\Wldp.dll
0x00007ffcb3150000 - 0x00007ffcb31fd000 	C:\WINDOWS\System32\SHCORE.dll
0x00007ffcb2860000 - 0x00007ffcb28b5000 	C:\WINDOWS\System32\shlwapi.dll
0x00007ffcb0370000 - 0x00007ffcb038f000 	C:\WINDOWS\SYSTEM32\profapi.dll
0x00007ffc94260000 - 0x00007ffc94279000 	C:\Users\connect\.vscode\extensions\redhat.java-1.14.0-win32-x64\jre\17.0.5-win32-x86_64\bin\net.dll
0x00007ffca85c0000 - 0x00007ffca86cc000 	C:\WINDOWS\SYSTEM32\WINHTTP.dll
0x00007ffcafbf0000 - 0x00007ffcafc5a000 	C:\WINDOWS\system32\mswsock.dll
0x00007ffc93d20000 - 0x00007ffc93d35000 	C:\Users\connect\.vscode\extensions\redhat.java-1.14.0-win32-x64\jre\17.0.5-win32-x86_64\bin\nio.dll
0x00007ffcab710000 - 0x00007ffcab720000 	c:\Users\connect\.vscode\extensions\redhat.java-1.14.0-win32-x64\jre\17.0.5-win32-x86_64\bin\verify.dll
0x00007ffc91110000 - 0x00007ffc9114e000 	C:\Users\connect\AppData\Roaming\Code\User\globalStorage\redhat.java\1.14.0\config_ss_win\org.eclipse.equinox.launcher\org.eclipse.equinox.launcher.win32.win32.x86_64_1.2.700.v20221108-1024\eclipse_11801.dll
0x00007ffcb28c0000 - 0x00007ffcb29ea000 	C:\WINDOWS\System32\ole32.dll
0x00007ffcafde0000 - 0x00007ffcafdf8000 	C:\WINDOWS\SYSTEM32\CRYPTSP.dll
0x00007ffcaf4b0000 - 0x00007ffcaf4e4000 	C:\WINDOWS\system32\rsaenh.dll
0x00007ffcb0d00000 - 0x00007ffcb0d27000 	C:\WINDOWS\System32\bcrypt.dll
0x00007ffcb0330000 - 0x00007ffcb035e000 	C:\WINDOWS\SYSTEM32\USERENV.dll
0x00007ffcafe00000 - 0x00007ffcafe0c000 	C:\WINDOWS\SYSTEM32\CRYPTBASE.dll
0x00007ffcaf8a0000 - 0x00007ffcaf8db000 	C:\WINDOWS\SYSTEM32\IPHLPAPI.DLL
0x00007ffcb1680000 - 0x00007ffcb1688000 	C:\WINDOWS\System32\NSI.dll
0x00007ffca8cf0000 - 0x00007ffca8d07000 	C:\WINDOWS\SYSTEM32\dhcpcsvc6.DLL
0x00007ffca8f70000 - 0x00007ffca8f8d000 	C:\WINDOWS\SYSTEM32\dhcpcsvc.DLL
0x00007ffcaf8e0000 - 0x00007ffcaf9aa000 	C:\WINDOWS\SYSTEM32\DNSAPI.dll
0x00007ffc90d00000 - 0x00007ffc90d40000 	C:\Users\connect\AppData\Local\Temp\jna-951351530\jna18062802540858166447.dll
0x00007ffcb22c0000 - 0x00007ffcb22c8000 	C:\WINDOWS\System32\PSAPI.DLL

dbghelp: loaded successfully - version: 4.0.5 - missing functions: none
symbol engine: initialized successfully - sym options: 0x614 - pdb path: .;c:\Users\connect\.vscode\extensions\redhat.java-1.14.0-win32-x64\jre\17.0.5-win32-x86_64\bin;C:\WINDOWS\SYSTEM32;C:\WINDOWS\WinSxS\amd64_microsoft.windows.common-controls_6595b64144ccf1df_6.0.19041.1110_none_60b5254171f9507e;c:\Users\connect\.vscode\extensions\redhat.java-1.14.0-win32-x64\jre\17.0.5-win32-x86_64\bin\server;C:\Users\connect\AppData\Roaming\Code\User\globalStorage\redhat.java\1.14.0\config_ss_win\org.eclipse.equinox.launcher\org.eclipse.equinox.launcher.win32.win32.x86_64_1.2.700.v20221108-1024;C:\Users\connect\AppData\Local\Temp\jna-951351530

VM Arguments:
jvm_args: --add-modules=ALL-SYSTEM --add-opens=java.base/java.util=ALL-UNNAMED --add-opens=java.base/java.lang=ALL-UNNAMED --add-opens=java.base/sun.nio.fs=ALL-UNNAMED -Declipse.application=org.eclipse.jdt.ls.core.id1 -Dosgi.bundles.defaultStartLevel=4 -Declipse.product=org.eclipse.jdt.ls.core.product -Djava.import.generatesMetadataFilesAtProjectRoot=false -Dfile.encoding=utf8 -XX:+UseParallelGC -XX:GCTimeRatio=4 -XX:AdaptiveSizePolicyWeight=90 -Dsun.zip.disableMemoryMapping=true -Xmx1G -Xms100m -Xlog:disable -javaagent:c:\Users\connect\.vscode\extensions\redhat.java-1.14.0-win32-x64\lombok\lombok-1.18.24.jar 
java_command: c:\Users\connect\.vscode\extensions\redhat.java-1.14.0-win32-x64\server\plugins\org.eclipse.equinox.launcher_1.6.400.v20210924-0641.jar -configuration c:\Users\connect\AppData\Roaming\Code\User\globalStorage\redhat.java\1.14.0\config_ss_win -data c:\Users\connect\AppData\Roaming\Code\User\workspaceStorage\81d7e806d787402a1b34b89a302ba1a8\redhat.java\ss_ws
java_class_path (initial): c:\Users\connect\.vscode\extensions\redhat.java-1.14.0-win32-x64\server\plugins\org.eclipse.equinox.launcher_1.6.400.v20210924-0641.jar
Launcher Type: SUN_STANDARD

[Global flags]
    uintx AdaptiveSizePolicyWeight                 = 90                                        {product} {command line}
     intx CICompilerCount                          = 2                                         {product} {ergonomic}
    uintx GCTimeRatio                              = 4                                         {product} {command line}
   size_t InitialHeapSize                          = 104857600                                 {product} {command line}
   size_t MaxHeapSize                              = 1073741824                                {product} {command line}
   size_t MaxNewSize                               = 357564416                                 {product} {ergonomic}
   size_t MinHeapDeltaBytes                        = 524288                                    {product} {ergonomic}
   size_t MinHeapSize                              = 104857600                                 {product} {command line}
   size_t NewSize                                  = 34603008                                  {product} {ergonomic}
    uintx NonNMethodCodeHeapSize                   = 5826188                                {pd product} {ergonomic}
    uintx NonProfiledCodeHeapSize                  = 122916026                              {pd product} {ergonomic}
   size_t OldSize                                  = 70254592                                  {product} {ergonomic}
    uintx ProfiledCodeHeapSize                     = 122916026                              {pd product} {ergonomic}
    uintx ReservedCodeCacheSize                    = 251658240                              {pd product} {ergonomic}
     bool SegmentedCodeCache                       = true                                      {product} {ergonomic}
   size_t SoftMaxHeapSize                          = 1073741824                             {manageable} {ergonomic}
     bool UseCompressedClassPointers               = true                           {product lp64_product} {ergonomic}
     bool UseCompressedOops                        = true                           {product lp64_product} {ergonomic}
     bool UseLargePagesIndividualAllocation        = false                                  {pd product} {ergonomic}
     bool UseParallelGC                            = true                                      {product} {command line}

Logging:
Log output configuration:
 #0: stdout all=off uptime,level,tags
 #1: stderr all=off uptime,level,tags

Environment Variables:
JAVA_HOME=C:\Program Files\Java\jdk-16.0.2
PATH=C:\Program Files\Common Files\Oracle\Java\javapath;C:\WINDOWS\system32;C:\WINDOWS;C:\WINDOWS\System32\Wbem;C:\WINDOWS\System32\WindowsPowerShell\v1.0\;C:\WINDOWS\System32\OpenSSH\;C:\Program Files\apache-maven-3.8.7-bin\apache-maven-3.8.7\bin;D:\nodejs\;C:\Users\connect\AppData\Local\Microsoft\WindowsApps;;D:\Microsoft VS Code\bin;C:\Users\connect\AppData\Roaming\npm
USERNAME=connect
OS=Windows_NT
PROCESSOR_IDENTIFIER=Intel64 Family 6 Model 23 Stepping 10, GenuineIntel
TMP=C:\Users\connect\AppData\Local\Temp
TEMP=C:\Users\connect\AppData\Local\Temp



---------------  S Y S T E M  ---------------

OS:
 Windows 10 , 64 bit Build 19041 (10.0.19041.2364)
OS uptime: 14 days 1:08 hours

CPU: total 2 (initial active 2) (2 cores per cpu, 1 threads per core) family 6 model 23 stepping 10 microcode 0xa0c, cx8, cmov, fxsr, mmx, sse, sse2, sse3, ssse3, tsc, clflush

Memory: 4k page, system-wide physical 1978M (183M free)
TotalPageFile size 8122M (AvailPageFile size 5M)
current process WorkingSet (physical memory assigned to process): 110M, peak: 112M
current process commit charge ("private bytes"): 228M, peak: 233M

vm_info: OpenJDK 64-Bit Server VM (17.0.5+8) for windows-amd64 JRE (17.0.5+8), built on Oct 19 2022 04:48:13 by "temurin" with MS VC++ 16.7 (VS2019)

END.
